<?xml version="1.0" encoding="UTF-8"?>
<testsuite xmlns:xsi="http://www.w3.org/2001/XMLSchema-instance" xsi:noNamespaceSchemaLocation="https://maven.apache.org/surefire/maven-surefire-plugin/xsd/surefire-test-report-3.0.xsd" version="3.0" name="jotech.springframwork.msscbeerservice.MsscBeerServiceApplicationTests" time="4.992" tests="1" errors="0" skipped="0" failures="0">
  <properties>
    <property name="java.specification.version" value="17"/>
    <property name="sun.cpu.isalist" value="amd64"/>
    <property name="sun.jnu.encoding" value="Cp1252"/>
    <property name="java.class.path" value="C:\Users\12409\IdeaProjects\mssc-beer-service\target\test-classes;C:\Users\12409\IdeaProjects\mssc-beer-service\target\classes;C:\Users\12409\.m2\repository\org\springframework\boot\spring-boot-starter-web\3.0.0-M3\spring-boot-starter-web-3.0.0-M3.jar;C:\Users\12409\.m2\repository\org\springframework\boot\spring-boot-starter\3.0.0-M3\spring-boot-starter-3.0.0-M3.jar;C:\Users\12409\.m2\repository\org\springframework\boot\spring-boot\3.0.0-M3\spring-boot-3.0.0-M3.jar;C:\Users\12409\.m2\repository\org\springframework\boot\spring-boot-autoconfigure\3.0.0-M3\spring-boot-autoconfigure-3.0.0-M3.jar;C:\Users\12409\.m2\repository\org\springframework\boot\spring-boot-starter-logging\3.0.0-M3\spring-boot-starter-logging-3.0.0-M3.jar;C:\Users\12409\.m2\repository\ch\qos\logback\logback-classic\1.2.11\logback-classic-1.2.11.jar;C:\Users\12409\.m2\repository\ch\qos\logback\logback-core\1.2.11\logback-core-1.2.11.jar;C:\Users\12409\.m2\repository\org\apache\logging\log4j\log4j-to-slf4j\2.17.2\log4j-to-slf4j-2.17.2.jar;C:\Users\12409\.m2\repository\org\apache\logging\log4j\log4j-api\2.17.2\log4j-api-2.17.2.jar;C:\Users\12409\.m2\repository\org\slf4j\jul-to-slf4j\1.7.36\jul-to-slf4j-1.7.36.jar;C:\Users\12409\.m2\repository\jakarta\annotation\jakarta.annotation-api\2.0.0\jakarta.annotation-api-2.0.0.jar;C:\Users\12409\.m2\repository\org\yaml\snakeyaml\1.30\snakeyaml-1.30.jar;C:\Users\12409\.m2\repository\org\springframework\boot\spring-boot-starter-json\3.0.0-M3\spring-boot-starter-json-3.0.0-M3.jar;C:\Users\12409\.m2\repository\com\fasterxml\jackson\core\jackson-databind\2.13.3\jackson-databind-2.13.3.jar;C:\Users\12409\.m2\repository\com\fasterxml\jackson\core\jackson-annotations\2.13.3\jackson-annotations-2.13.3.jar;C:\Users\12409\.m2\repository\com\fasterxml\jackson\core\jackson-core\2.13.3\jackson-core-2.13.3.jar;C:\Users\12409\.m2\repository\com\fasterxml\jackson\datatype\jackson-datatype-jdk8\2.13.3\jackson-datatype-jdk8-2.13.3.jar;C:\Users\12409\.m2\repository\com\fasterxml\jackson\datatype\jackson-datatype-jsr310\2.13.3\jackson-datatype-jsr310-2.13.3.jar;C:\Users\12409\.m2\repository\com\fasterxml\jackson\module\jackson-module-parameter-names\2.13.3\jackson-module-parameter-names-2.13.3.jar;C:\Users\12409\.m2\repository\org\springframework\boot\spring-boot-starter-tomcat\3.0.0-M3\spring-boot-starter-tomcat-3.0.0-M3.jar;C:\Users\12409\.m2\repository\org\apache\tomcat\embed\tomcat-embed-core\10.0.21\tomcat-embed-core-10.0.21.jar;C:\Users\12409\.m2\repository\org\apache\tomcat\embed\tomcat-embed-websocket\10.0.21\tomcat-embed-websocket-10.0.21.jar;C:\Users\12409\.m2\repository\org\springframework\spring-web\6.0.0-M4\spring-web-6.0.0-M4.jar;C:\Users\12409\.m2\repository\org\springframework\spring-beans\6.0.0-M4\spring-beans-6.0.0-M4.jar;C:\Users\12409\.m2\repository\org\springframework\spring-webmvc\6.0.0-M4\spring-webmvc-6.0.0-M4.jar;C:\Users\12409\.m2\repository\org\springframework\spring-aop\6.0.0-M4\spring-aop-6.0.0-M4.jar;C:\Users\12409\.m2\repository\org\springframework\spring-context\6.0.0-M4\spring-context-6.0.0-M4.jar;C:\Users\12409\.m2\repository\org\springframework\spring-expression\6.0.0-M4\spring-expression-6.0.0-M4.jar;C:\Users\12409\.m2\repository\org\springframework\boot\spring-boot-starter-data-jpa\3.0.0-M3\spring-boot-starter-data-jpa-3.0.0-M3.jar;C:\Users\12409\.m2\repository\org\springframework\boot\spring-boot-starter-aop\3.0.0-M3\spring-boot-starter-aop-3.0.0-M3.jar;C:\Users\12409\.m2\repository\org\aspectj\aspectjweaver\1.9.9.1\aspectjweaver-1.9.9.1.jar;C:\Users\12409\.m2\repository\org\springframework\boot\spring-boot-starter-jdbc\3.0.0-M3\spring-boot-starter-jdbc-3.0.0-M3.jar;C:\Users\12409\.m2\repository\com\zaxxer\HikariCP\5.0.1\HikariCP-5.0.1.jar;C:\Users\12409\.m2\repository\org\springframework\spring-jdbc\6.0.0-M4\spring-jdbc-6.0.0-M4.jar;C:\Users\12409\.m2\repository\org\hibernate\hibernate-core-jakarta\5.6.9.Final\hibernate-core-jakarta-5.6.9.Final.jar;C:\Users\12409\.m2\repository\org\jboss\logging\jboss-logging\3.5.0.Final\jboss-logging-3.5.0.Final.jar;C:\Users\12409\.m2\repository\jakarta\persistence\jakarta.persistence-api\3.0.0\jakarta.persistence-api-3.0.0.jar;C:\Users\12409\.m2\repository\net\bytebuddy\byte-buddy\1.12.10\byte-buddy-1.12.10.jar;C:\Users\12409\.m2\repository\antlr\antlr\2.7.7\antlr-2.7.7.jar;C:\Users\12409\.m2\repository\jakarta\transaction\jakarta.transaction-api\2.0.1\jakarta.transaction-api-2.0.1.jar;C:\Users\12409\.m2\repository\org\jboss\jandex\2.4.2.Final\jandex-2.4.2.Final.jar;C:\Users\12409\.m2\repository\com\fasterxml\classmate\1.5.1\classmate-1.5.1.jar;C:\Users\12409\.m2\repository\org\dom4j\dom4j\2.1.3\dom4j-2.1.3.jar;C:\Users\12409\.m2\repository\org\hibernate\common\hibernate-commons-annotations\5.1.2.Final\hibernate-commons-annotations-5.1.2.Final.jar;C:\Users\12409\.m2\repository\org\glassfish\jaxb\jaxb-runtime\3.0.2\jaxb-runtime-3.0.2.jar;C:\Users\12409\.m2\repository\org\glassfish\jaxb\jaxb-core\3.0.2\jaxb-core-3.0.2.jar;C:\Users\12409\.m2\repository\org\glassfish\jaxb\txw2\3.0.2\txw2-3.0.2.jar;C:\Users\12409\.m2\repository\com\sun\istack\istack-commons-runtime\4.0.1\istack-commons-runtime-4.0.1.jar;C:\Users\12409\.m2\repository\org\springframework\data\spring-data-jpa\3.0.0-M4\spring-data-jpa-3.0.0-M4.jar;C:\Users\12409\.m2\repository\org\springframework\data\spring-data-commons\3.0.0-M4\spring-data-commons-3.0.0-M4.jar;C:\Users\12409\.m2\repository\org\springframework\spring-orm\6.0.0-M4\spring-orm-6.0.0-M4.jar;C:\Users\12409\.m2\repository\org\springframework\spring-tx\6.0.0-M4\spring-tx-6.0.0-M4.jar;C:\Users\12409\.m2\repository\org\slf4j\slf4j-api\1.7.36\slf4j-api-1.7.36.jar;C:\Users\12409\.m2\repository\org\springframework\spring-aspects\6.0.0-M4\spring-aspects-6.0.0-M4.jar;C:\Users\12409\.m2\repository\org\springframework\boot\spring-boot-starter-validation\3.0.0-M3\spring-boot-starter-validation-3.0.0-M3.jar;C:\Users\12409\.m2\repository\org\apache\tomcat\embed\tomcat-embed-el\10.0.21\tomcat-embed-el-10.0.21.jar;C:\Users\12409\.m2\repository\org\hibernate\validator\hibernate-validator\7.0.4.Final\hibernate-validator-7.0.4.Final.jar;C:\Users\12409\.m2\repository\jakarta\validation\jakarta.validation-api\3.0.1\jakarta.validation-api-3.0.1.jar;C:\Users\12409\.m2\repository\com\h2database\h2\2.1.212\h2-2.1.212.jar;C:\Users\12409\.m2\repository\javax\xml\bind\jaxb-api\2.3.0\jaxb-api-2.3.0.jar;C:\Users\12409\.m2\repository\com\sun\xml\bind\jaxb-core\2.3.0\jaxb-core-2.3.0.jar;C:\Users\12409\.m2\repository\com\sun\xml\bind\jaxb-impl\2.3.0\jaxb-impl-2.3.0.jar;C:\Users\12409\.m2\repository\org\projectlombok\lombok\1.18.24\lombok-1.18.24.jar;C:\Users\12409\.m2\repository\org\mapstruct\mapstruct\1.5.2.Final\mapstruct-1.5.2.Final.jar;C:\Users\12409\.m2\repository\org\springframework\boot\spring-boot-starter-test\3.0.0-M3\spring-boot-starter-test-3.0.0-M3.jar;C:\Users\12409\.m2\repository\org\springframework\boot\spring-boot-test\3.0.0-M3\spring-boot-test-3.0.0-M3.jar;C:\Users\12409\.m2\repository\org\springframework\boot\spring-boot-test-autoconfigure\3.0.0-M3\spring-boot-test-autoconfigure-3.0.0-M3.jar;C:\Users\12409\.m2\repository\com\jayway\jsonpath\json-path\2.7.0\json-path-2.7.0.jar;C:\Users\12409\.m2\repository\net\minidev\json-smart\2.4.8\json-smart-2.4.8.jar;C:\Users\12409\.m2\repository\net\minidev\accessors-smart\2.4.8\accessors-smart-2.4.8.jar;C:\Users\12409\.m2\repository\org\ow2\asm\asm\9.1\asm-9.1.jar;C:\Users\12409\.m2\repository\jakarta\xml\bind\jakarta.xml.bind-api\3.0.1\jakarta.xml.bind-api-3.0.1.jar;C:\Users\12409\.m2\repository\com\sun\activation\jakarta.activation\2.0.1\jakarta.activation-2.0.1.jar;C:\Users\12409\.m2\repository\org\assertj\assertj-core\3.22.0\assertj-core-3.22.0.jar;C:\Users\12409\.m2\repository\org\hamcrest\hamcrest\2.2\hamcrest-2.2.jar;C:\Users\12409\.m2\repository\org\junit\jupiter\junit-jupiter\5.8.2\junit-jupiter-5.8.2.jar;C:\Users\12409\.m2\repository\org\junit\jupiter\junit-jupiter-params\5.8.2\junit-jupiter-params-5.8.2.jar;C:\Users\12409\.m2\repository\org\mockito\mockito-core\4.5.1\mockito-core-4.5.1.jar;C:\Users\12409\.m2\repository\net\bytebuddy\byte-buddy-agent\1.12.10\byte-buddy-agent-1.12.10.jar;C:\Users\12409\.m2\repository\org\objenesis\objenesis\3.2\objenesis-3.2.jar;C:\Users\12409\.m2\repository\org\skyscreamer\jsonassert\1.5.0\jsonassert-1.5.0.jar;C:\Users\12409\.m2\repository\com\vaadin\external\google\android-json\0.0.20131108.vaadin1\android-json-0.0.20131108.vaadin1.jar;C:\Users\12409\.m2\repository\org\springframework\spring-core\6.0.0-M4\spring-core-6.0.0-M4.jar;C:\Users\12409\.m2\repository\org\springframework\spring-jcl\6.0.0-M4\spring-jcl-6.0.0-M4.jar;C:\Users\12409\.m2\repository\org\springframework\spring-test\6.0.0-M4\spring-test-6.0.0-M4.jar;C:\Users\12409\.m2\repository\org\xmlunit\xmlunit-core\2.9.0\xmlunit-core-2.9.0.jar;C:\Users\12409\.m2\repository\org\junit\jupiter\junit-jupiter-api\5.8.2\junit-jupiter-api-5.8.2.jar;C:\Users\12409\.m2\repository\org\opentest4j\opentest4j\1.2.0\opentest4j-1.2.0.jar;C:\Users\12409\.m2\repository\org\junit\platform\junit-platform-commons\1.8.2\junit-platform-commons-1.8.2.jar;C:\Users\12409\.m2\repository\org\apiguardian\apiguardian-api\1.1.2\apiguardian-api-1.1.2.jar;C:\Users\12409\.m2\repository\org\junit\jupiter\junit-jupiter-engine\5.8.2\junit-jupiter-engine-5.8.2.jar;C:\Users\12409\.m2\repository\org\junit\platform\junit-platform-engine\1.8.2\junit-platform-engine-1.8.2.jar;C:\Users\12409\.m2\repository\org\mockito\mockito-junit-jupiter\4.5.1\mockito-junit-jupiter-4.5.1.jar;C:\Users\12409\.m2\repository\org\springframework\restdocs\spring-restdocs-mockmvc\3.0.0-M3\spring-restdocs-mockmvc-3.0.0-M3.jar;C:\Users\12409\.m2\repository\org\springframework\restdocs\spring-restdocs-core\3.0.0-M3\spring-restdocs-core-3.0.0-M3.jar;C:\Users\12409\.m2\repository\jakarta\servlet\jakarta.servlet-api\5.0.0\jakarta.servlet-api-5.0.0.jar;"/>
    <property name="java.vm.vendor" value="Amazon.com Inc."/>
    <property name="sun.arch.data.model" value="64"/>
    <property name="user.variant" value=""/>
    <property name="java.vendor.url" value="https://aws.amazon.com/corretto/"/>
    <property name="user.timezone" value="America/New_York"/>
    <property name="os.name" value="Windows 11"/>
    <property name="java.vm.specification.version" value="17"/>
    <property name="sun.java.launcher" value="SUN_STANDARD"/>
    <property name="user.country" value="US"/>
    <property name="sun.boot.library.path" value="C:\Users\12409\.jdks\corretto-17.0.9\bin"/>
    <property name="sun.java.command" value="C:\Users\12409\AppData\Local\Temp\surefire8276761204690185419\surefirebooter-20241203212744076_3.jar C:\Users\12409\AppData\Local\Temp\surefire8276761204690185419 2024-12-03T21-27-43_906-jvmRun1 surefire-20241203212744076_1tmp surefire_0-20241203212744076_2tmp"/>
    <property name="jdk.debug" value="release"/>
    <property name="surefire.test.class.path" value="C:\Users\12409\IdeaProjects\mssc-beer-service\target\test-classes;C:\Users\12409\IdeaProjects\mssc-beer-service\target\classes;C:\Users\12409\.m2\repository\org\springframework\boot\spring-boot-starter-web\3.0.0-M3\spring-boot-starter-web-3.0.0-M3.jar;C:\Users\12409\.m2\repository\org\springframework\boot\spring-boot-starter\3.0.0-M3\spring-boot-starter-3.0.0-M3.jar;C:\Users\12409\.m2\repository\org\springframework\boot\spring-boot\3.0.0-M3\spring-boot-3.0.0-M3.jar;C:\Users\12409\.m2\repository\org\springframework\boot\spring-boot-autoconfigure\3.0.0-M3\spring-boot-autoconfigure-3.0.0-M3.jar;C:\Users\12409\.m2\repository\org\springframework\boot\spring-boot-starter-logging\3.0.0-M3\spring-boot-starter-logging-3.0.0-M3.jar;C:\Users\12409\.m2\repository\ch\qos\logback\logback-classic\1.2.11\logback-classic-1.2.11.jar;C:\Users\12409\.m2\repository\ch\qos\logback\logback-core\1.2.11\logback-core-1.2.11.jar;C:\Users\12409\.m2\repository\org\apache\logging\log4j\log4j-to-slf4j\2.17.2\log4j-to-slf4j-2.17.2.jar;C:\Users\12409\.m2\repository\org\apache\logging\log4j\log4j-api\2.17.2\log4j-api-2.17.2.jar;C:\Users\12409\.m2\repository\org\slf4j\jul-to-slf4j\1.7.36\jul-to-slf4j-1.7.36.jar;C:\Users\12409\.m2\repository\jakarta\annotation\jakarta.annotation-api\2.0.0\jakarta.annotation-api-2.0.0.jar;C:\Users\12409\.m2\repository\org\yaml\snakeyaml\1.30\snakeyaml-1.30.jar;C:\Users\12409\.m2\repository\org\springframework\boot\spring-boot-starter-json\3.0.0-M3\spring-boot-starter-json-3.0.0-M3.jar;C:\Users\12409\.m2\repository\com\fasterxml\jackson\core\jackson-databind\2.13.3\jackson-databind-2.13.3.jar;C:\Users\12409\.m2\repository\com\fasterxml\jackson\core\jackson-annotations\2.13.3\jackson-annotations-2.13.3.jar;C:\Users\12409\.m2\repository\com\fasterxml\jackson\core\jackson-core\2.13.3\jackson-core-2.13.3.jar;C:\Users\12409\.m2\repository\com\fasterxml\jackson\datatype\jackson-datatype-jdk8\2.13.3\jackson-datatype-jdk8-2.13.3.jar;C:\Users\12409\.m2\repository\com\fasterxml\jackson\datatype\jackson-datatype-jsr310\2.13.3\jackson-datatype-jsr310-2.13.3.jar;C:\Users\12409\.m2\repository\com\fasterxml\jackson\module\jackson-module-parameter-names\2.13.3\jackson-module-parameter-names-2.13.3.jar;C:\Users\12409\.m2\repository\org\springframework\boot\spring-boot-starter-tomcat\3.0.0-M3\spring-boot-starter-tomcat-3.0.0-M3.jar;C:\Users\12409\.m2\repository\org\apache\tomcat\embed\tomcat-embed-core\10.0.21\tomcat-embed-core-10.0.21.jar;C:\Users\12409\.m2\repository\org\apache\tomcat\embed\tomcat-embed-websocket\10.0.21\tomcat-embed-websocket-10.0.21.jar;C:\Users\12409\.m2\repository\org\springframework\spring-web\6.0.0-M4\spring-web-6.0.0-M4.jar;C:\Users\12409\.m2\repository\org\springframework\spring-beans\6.0.0-M4\spring-beans-6.0.0-M4.jar;C:\Users\12409\.m2\repository\org\springframework\spring-webmvc\6.0.0-M4\spring-webmvc-6.0.0-M4.jar;C:\Users\12409\.m2\repository\org\springframework\spring-aop\6.0.0-M4\spring-aop-6.0.0-M4.jar;C:\Users\12409\.m2\repository\org\springframework\spring-context\6.0.0-M4\spring-context-6.0.0-M4.jar;C:\Users\12409\.m2\repository\org\springframework\spring-expression\6.0.0-M4\spring-expression-6.0.0-M4.jar;C:\Users\12409\.m2\repository\org\springframework\boot\spring-boot-starter-data-jpa\3.0.0-M3\spring-boot-starter-data-jpa-3.0.0-M3.jar;C:\Users\12409\.m2\repository\org\springframework\boot\spring-boot-starter-aop\3.0.0-M3\spring-boot-starter-aop-3.0.0-M3.jar;C:\Users\12409\.m2\repository\org\aspectj\aspectjweaver\1.9.9.1\aspectjweaver-1.9.9.1.jar;C:\Users\12409\.m2\repository\org\springframework\boot\spring-boot-starter-jdbc\3.0.0-M3\spring-boot-starter-jdbc-3.0.0-M3.jar;C:\Users\12409\.m2\repository\com\zaxxer\HikariCP\5.0.1\HikariCP-5.0.1.jar;C:\Users\12409\.m2\repository\org\springframework\spring-jdbc\6.0.0-M4\spring-jdbc-6.0.0-M4.jar;C:\Users\12409\.m2\repository\org\hibernate\hibernate-core-jakarta\5.6.9.Final\hibernate-core-jakarta-5.6.9.Final.jar;C:\Users\12409\.m2\repository\org\jboss\logging\jboss-logging\3.5.0.Final\jboss-logging-3.5.0.Final.jar;C:\Users\12409\.m2\repository\jakarta\persistence\jakarta.persistence-api\3.0.0\jakarta.persistence-api-3.0.0.jar;C:\Users\12409\.m2\repository\net\bytebuddy\byte-buddy\1.12.10\byte-buddy-1.12.10.jar;C:\Users\12409\.m2\repository\antlr\antlr\2.7.7\antlr-2.7.7.jar;C:\Users\12409\.m2\repository\jakarta\transaction\jakarta.transaction-api\2.0.1\jakarta.transaction-api-2.0.1.jar;C:\Users\12409\.m2\repository\org\jboss\jandex\2.4.2.Final\jandex-2.4.2.Final.jar;C:\Users\12409\.m2\repository\com\fasterxml\classmate\1.5.1\classmate-1.5.1.jar;C:\Users\12409\.m2\repository\org\dom4j\dom4j\2.1.3\dom4j-2.1.3.jar;C:\Users\12409\.m2\repository\org\hibernate\common\hibernate-commons-annotations\5.1.2.Final\hibernate-commons-annotations-5.1.2.Final.jar;C:\Users\12409\.m2\repository\org\glassfish\jaxb\jaxb-runtime\3.0.2\jaxb-runtime-3.0.2.jar;C:\Users\12409\.m2\repository\org\glassfish\jaxb\jaxb-core\3.0.2\jaxb-core-3.0.2.jar;C:\Users\12409\.m2\repository\org\glassfish\jaxb\txw2\3.0.2\txw2-3.0.2.jar;C:\Users\12409\.m2\repository\com\sun\istack\istack-commons-runtime\4.0.1\istack-commons-runtime-4.0.1.jar;C:\Users\12409\.m2\repository\org\springframework\data\spring-data-jpa\3.0.0-M4\spring-data-jpa-3.0.0-M4.jar;C:\Users\12409\.m2\repository\org\springframework\data\spring-data-commons\3.0.0-M4\spring-data-commons-3.0.0-M4.jar;C:\Users\12409\.m2\repository\org\springframework\spring-orm\6.0.0-M4\spring-orm-6.0.0-M4.jar;C:\Users\12409\.m2\repository\org\springframework\spring-tx\6.0.0-M4\spring-tx-6.0.0-M4.jar;C:\Users\12409\.m2\repository\org\slf4j\slf4j-api\1.7.36\slf4j-api-1.7.36.jar;C:\Users\12409\.m2\repository\org\springframework\spring-aspects\6.0.0-M4\spring-aspects-6.0.0-M4.jar;C:\Users\12409\.m2\repository\org\springframework\boot\spring-boot-starter-validation\3.0.0-M3\spring-boot-starter-validation-3.0.0-M3.jar;C:\Users\12409\.m2\repository\org\apache\tomcat\embed\tomcat-embed-el\10.0.21\tomcat-embed-el-10.0.21.jar;C:\Users\12409\.m2\repository\org\hibernate\validator\hibernate-validator\7.0.4.Final\hibernate-validator-7.0.4.Final.jar;C:\Users\12409\.m2\repository\jakarta\validation\jakarta.validation-api\3.0.1\jakarta.validation-api-3.0.1.jar;C:\Users\12409\.m2\repository\com\h2database\h2\2.1.212\h2-2.1.212.jar;C:\Users\12409\.m2\repository\javax\xml\bind\jaxb-api\2.3.0\jaxb-api-2.3.0.jar;C:\Users\12409\.m2\repository\com\sun\xml\bind\jaxb-core\2.3.0\jaxb-core-2.3.0.jar;C:\Users\12409\.m2\repository\com\sun\xml\bind\jaxb-impl\2.3.0\jaxb-impl-2.3.0.jar;C:\Users\12409\.m2\repository\org\projectlombok\lombok\1.18.24\lombok-1.18.24.jar;C:\Users\12409\.m2\repository\org\mapstruct\mapstruct\1.5.2.Final\mapstruct-1.5.2.Final.jar;C:\Users\12409\.m2\repository\org\springframework\boot\spring-boot-starter-test\3.0.0-M3\spring-boot-starter-test-3.0.0-M3.jar;C:\Users\12409\.m2\repository\org\springframework\boot\spring-boot-test\3.0.0-M3\spring-boot-test-3.0.0-M3.jar;C:\Users\12409\.m2\repository\org\springframework\boot\spring-boot-test-autoconfigure\3.0.0-M3\spring-boot-test-autoconfigure-3.0.0-M3.jar;C:\Users\12409\.m2\repository\com\jayway\jsonpath\json-path\2.7.0\json-path-2.7.0.jar;C:\Users\12409\.m2\repository\net\minidev\json-smart\2.4.8\json-smart-2.4.8.jar;C:\Users\12409\.m2\repository\net\minidev\accessors-smart\2.4.8\accessors-smart-2.4.8.jar;C:\Users\12409\.m2\repository\org\ow2\asm\asm\9.1\asm-9.1.jar;C:\Users\12409\.m2\repository\jakarta\xml\bind\jakarta.xml.bind-api\3.0.1\jakarta.xml.bind-api-3.0.1.jar;C:\Users\12409\.m2\repository\com\sun\activation\jakarta.activation\2.0.1\jakarta.activation-2.0.1.jar;C:\Users\12409\.m2\repository\org\assertj\assertj-core\3.22.0\assertj-core-3.22.0.jar;C:\Users\12409\.m2\repository\org\hamcrest\hamcrest\2.2\hamcrest-2.2.jar;C:\Users\12409\.m2\repository\org\junit\jupiter\junit-jupiter\5.8.2\junit-jupiter-5.8.2.jar;C:\Users\12409\.m2\repository\org\junit\jupiter\junit-jupiter-params\5.8.2\junit-jupiter-params-5.8.2.jar;C:\Users\12409\.m2\repository\org\mockito\mockito-core\4.5.1\mockito-core-4.5.1.jar;C:\Users\12409\.m2\repository\net\bytebuddy\byte-buddy-agent\1.12.10\byte-buddy-agent-1.12.10.jar;C:\Users\12409\.m2\repository\org\objenesis\objenesis\3.2\objenesis-3.2.jar;C:\Users\12409\.m2\repository\org\skyscreamer\jsonassert\1.5.0\jsonassert-1.5.0.jar;C:\Users\12409\.m2\repository\com\vaadin\external\google\android-json\0.0.20131108.vaadin1\android-json-0.0.20131108.vaadin1.jar;C:\Users\12409\.m2\repository\org\springframework\spring-core\6.0.0-M4\spring-core-6.0.0-M4.jar;C:\Users\12409\.m2\repository\org\springframework\spring-jcl\6.0.0-M4\spring-jcl-6.0.0-M4.jar;C:\Users\12409\.m2\repository\org\springframework\spring-test\6.0.0-M4\spring-test-6.0.0-M4.jar;C:\Users\12409\.m2\repository\org\xmlunit\xmlunit-core\2.9.0\xmlunit-core-2.9.0.jar;C:\Users\12409\.m2\repository\org\junit\jupiter\junit-jupiter-api\5.8.2\junit-jupiter-api-5.8.2.jar;C:\Users\12409\.m2\repository\org\opentest4j\opentest4j\1.2.0\opentest4j-1.2.0.jar;C:\Users\12409\.m2\repository\org\junit\platform\junit-platform-commons\1.8.2\junit-platform-commons-1.8.2.jar;C:\Users\12409\.m2\repository\org\apiguardian\apiguardian-api\1.1.2\apiguardian-api-1.1.2.jar;C:\Users\12409\.m2\repository\org\junit\jupiter\junit-jupiter-engine\5.8.2\junit-jupiter-engine-5.8.2.jar;C:\Users\12409\.m2\repository\org\junit\platform\junit-platform-engine\1.8.2\junit-platform-engine-1.8.2.jar;C:\Users\12409\.m2\repository\org\mockito\mockito-junit-jupiter\4.5.1\mockito-junit-jupiter-4.5.1.jar;C:\Users\12409\.m2\repository\org\springframework\restdocs\spring-restdocs-mockmvc\3.0.0-M3\spring-restdocs-mockmvc-3.0.0-M3.jar;C:\Users\12409\.m2\repository\org\springframework\restdocs\spring-restdocs-core\3.0.0-M3\spring-restdocs-core-3.0.0-M3.jar;C:\Users\12409\.m2\repository\jakarta\servlet\jakarta.servlet-api\5.0.0\jakarta.servlet-api-5.0.0.jar;"/>
    <property name="sun.cpu.endian" value="little"/>
    <property name="user.home" value="C:\Users\12409"/>
    <property name="user.language" value="en"/>
    <property name="java.specification.vendor" value="Oracle Corporation"/>
    <property name="java.version.date" value="2023-10-17"/>
    <property name="java.home" value="C:\Users\12409\.jdks\corretto-17.0.9"/>
    <property name="file.separator" value="\"/>
    <property name="basedir" value="C:\Users\12409\IdeaProjects\mssc-beer-service"/>
    <property name="java.vm.compressedOopsMode" value="Zero based"/>
    <property name="line.separator" value="&#10;"/>
    <property name="java.vm.specification.vendor" value="Oracle Corporation"/>
    <property name="java.specification.name" value="Java Platform API Specification"/>
    <property name="FILE_LOG_CHARSET" value="windows-1252"/>
    <property name="java.awt.headless" value="true"/>
    <property name="surefire.real.class.path" value="C:\Users\12409\AppData\Local\Temp\surefire8276761204690185419\surefirebooter-20241203212744076_3.jar"/>
    <property name="user.script" value=""/>
    <property name="sun.management.compiler" value="HotSpot 64-Bit Tiered Compilers"/>
    <property name="java.runtime.version" value="17.0.9+8-LTS"/>
    <property name="user.name" value="yonatan_mengesha"/>
    <property name="path.separator" value=";"/>
    <property name="os.version" value="10.0"/>
    <property name="java.runtime.name" value="OpenJDK Runtime Environment"/>
    <property name="file.encoding" value="Cp1252"/>
    <property name="spring.beaninfo.ignore" value="true"/>
    <property name="java.vm.name" value="OpenJDK 64-Bit Server VM"/>
    <property name="java.vendor.version" value="Corretto-17.0.9.8.1"/>
    <property name="localRepository" value="C:\Users\12409\.m2\repository"/>
    <property name="java.vendor.url.bug" value="https://github.com/corretto/corretto-17/issues/"/>
    <property name="java.io.tmpdir" value="C:\Users\12409\AppData\Local\Temp\"/>
    <property name="idea.version" value="2024.3"/>
    <property name="com.zaxxer.hikari.pool_number" value="1"/>
    <property name="java.version" value="17.0.9"/>
    <property name="user.dir" value="C:\Users\12409\IdeaProjects\mssc-beer-service"/>
    <property name="os.arch" value="amd64"/>
    <property name="java.vm.specification.name" value="Java Virtual Machine Specification"/>
    <property name="PID" value="17500"/>
    <property name="sun.os.patch.level" value=""/>
    <property name="CONSOLE_LOG_CHARSET" value="windows-1252"/>
    <property name="native.encoding" value="Cp1252"/>
    <property name="java.library.path" value="C:\Users\12409\.jdks\corretto-17.0.9\bin;C:\WINDOWS\Sun\Java\bin;C:\WINDOWS\system32;C:\WINDOWS;C:\Program Files\Common Files\Oracle\Java\javapath;C:\WINDOWS\system32;C:\WINDOWS;C:\WINDOWS\System32\Wbem;C:\WINDOWS\System32\WindowsPowerShell\v1.0\;C:\WINDOWS\System32\OpenSSH\;C:\Program Files\Git\cmd;C:\Program Files\Java\jdk1.8.0_301\bin;C:\dev\apache-maven-3.8.6\bin;C:\Program Files\PuTTY\;C:\Program Files\Docker\Docker\resources\bin;C:\Program Files\HP\HP One Agent;C:\Program Files\nodejs\;C:\ProgramData\chocolatey\bin;C:\Program Files\Amazon\AWSCLIV2\;C:\Program Files\PowerShell\7\;$GRADLE_HOME%\bin;C:\Program Files\MySQL\MySQL Shell 8.0\bin\;C:\Users\12409\AppData\Local\Microsoft\WindowsApps;C:\Users\12409\AppData\Local\JetBrains\Toolbox\scripts;C:\Users\12409\AppData\Local\Microsoft\WindowsApps;C:\Program Files (x86)\MongoDB Atlas CLI\;C:\Users\12409\AppData\Local\Programs\mongosh\;C:\Users\12409\AppData\Roaming\npm;C:\Users\12409\AppData\Local\Programs\Microsoft VS Code\bin;%netbeans_jdk_home%\bin;C:\Program Files\gradle-8.11.1\bin;."/>
    <property name="java.vm.info" value="mixed mode, sharing"/>
    <property name="java.vendor" value="Amazon.com Inc."/>
    <property name="java.vm.version" value="17.0.9+8-LTS"/>
    <property name="sun.io.unicode.encoding" value="UnicodeLittle"/>
    <property name="java.class.version" value="61.0"/>
  </properties>
  <testcase name="contextLoads" classname="jotech.springframwork.msscbeerservice.MsscBeerServiceApplicationTests" time="0.215">
    <system-out><![CDATA[21:27:44.871 [main] DEBUG org.springframework.test.context.BootstrapUtils - Instantiating CacheAwareContextLoaderDelegate from class [org.springframework.test.context.cache.DefaultCacheAwareContextLoaderDelegate]
21:27:44.884 [main] DEBUG org.springframework.test.context.BootstrapUtils - Instantiating BootstrapContext using constructor [public org.springframework.test.context.support.DefaultBootstrapContext(java.lang.Class,org.springframework.test.context.CacheAwareContextLoaderDelegate)]
21:27:44.912 [main] DEBUG org.springframework.test.context.BootstrapUtils - Instantiating TestContextBootstrapper for test class [jotech.springframwork.msscbeerservice.MsscBeerServiceApplicationTests] from class [org.springframework.boot.test.context.SpringBootTestContextBootstrapper]
21:27:44.926 [main] INFO org.springframework.boot.test.context.SpringBootTestContextBootstrapper - Neither @ContextConfiguration nor @ContextHierarchy found for test class [jotech.springframwork.msscbeerservice.MsscBeerServiceApplicationTests], using SpringBootContextLoader
21:27:44.930 [main] DEBUG org.springframework.test.context.support.AbstractContextLoader - Did not detect default resource location for test class [jotech.springframwork.msscbeerservice.MsscBeerServiceApplicationTests]: class path resource [jotech/springframwork/msscbeerservice/MsscBeerServiceApplicationTests-context.xml] does not exist
21:27:44.930 [main] DEBUG org.springframework.test.context.support.AbstractContextLoader - Did not detect default resource location for test class [jotech.springframwork.msscbeerservice.MsscBeerServiceApplicationTests]: class path resource [jotech/springframwork/msscbeerservice/MsscBeerServiceApplicationTestsContext.groovy] does not exist
21:27:44.931 [main] INFO org.springframework.test.context.support.AbstractContextLoader - Could not detect default resource locations for test class [jotech.springframwork.msscbeerservice.MsscBeerServiceApplicationTests]: no resource found for suffixes {-context.xml, Context.groovy}.
21:27:44.931 [main] INFO org.springframework.test.context.support.AnnotationConfigContextLoaderUtils - Could not detect default configuration classes for test class [jotech.springframwork.msscbeerservice.MsscBeerServiceApplicationTests]: MsscBeerServiceApplicationTests does not declare any static, non-private, non-final, nested classes annotated with @Configuration.
21:27:45.002 [main] DEBUG org.springframework.test.context.support.ActiveProfilesUtils - Could not find an 'annotation declaring class' for annotation type [org.springframework.test.context.ActiveProfiles] and class [jotech.springframwork.msscbeerservice.MsscBeerServiceApplicationTests]
21:27:45.063 [main] DEBUG org.springframework.context.annotation.ClassPathScanningCandidateComponentProvider - Identified candidate component class: file [C:\Users\12409\IdeaProjects\mssc-beer-service\target\classes\jotech\springframwork\msscbeerservice\MsscBeerServiceApplication.class]
21:27:45.065 [main] INFO org.springframework.boot.test.context.SpringBootTestContextBootstrapper - Found @SpringBootConfiguration jotech.springframwork.msscbeerservice.MsscBeerServiceApplication for test class jotech.springframwork.msscbeerservice.MsscBeerServiceApplicationTests
21:27:45.154 [main] DEBUG org.springframework.boot.test.context.SpringBootTestContextBootstrapper - @TestExecutionListeners is not present for class [jotech.springframwork.msscbeerservice.MsscBeerServiceApplicationTests]: using defaults.
21:27:45.155 [main] INFO org.springframework.boot.test.context.SpringBootTestContextBootstrapper - Loaded default TestExecutionListener class names from location [META-INF/spring.factories]: [org.springframework.boot.test.mock.mockito.MockitoTestExecutionListener, org.springframework.boot.test.mock.mockito.ResetMocksTestExecutionListener, org.springframework.boot.test.autoconfigure.restdocs.RestDocsTestExecutionListener, org.springframework.boot.test.autoconfigure.web.client.MockRestServiceServerResetTestExecutionListener, org.springframework.boot.test.autoconfigure.web.servlet.MockMvcPrintOnlyOnFailureTestExecutionListener, org.springframework.boot.test.autoconfigure.web.servlet.WebDriverTestExecutionListener, org.springframework.boot.test.autoconfigure.webservices.client.MockWebServiceServerTestExecutionListener, org.springframework.test.context.web.ServletTestExecutionListener, org.springframework.test.context.support.DirtiesContextBeforeModesTestExecutionListener, org.springframework.test.context.event.ApplicationEventsTestExecutionListener, org.springframework.test.context.support.DependencyInjectionTestExecutionListener, org.springframework.test.context.support.DirtiesContextTestExecutionListener, org.springframework.test.context.transaction.TransactionalTestExecutionListener, org.springframework.test.context.jdbc.SqlScriptsTestExecutionListener, org.springframework.test.context.event.EventPublishingTestExecutionListener]
21:27:45.175 [main] INFO org.springframework.boot.test.context.SpringBootTestContextBootstrapper - Using TestExecutionListeners: [org.springframework.test.context.web.ServletTestExecutionListener@517566b, org.springframework.test.context.support.DirtiesContextBeforeModesTestExecutionListener@64b73e7a, org.springframework.test.context.event.ApplicationEventsTestExecutionListener@530712d, org.springframework.boot.test.mock.mockito.MockitoTestExecutionListener@2df6226d, org.springframework.boot.test.autoconfigure.SpringBootDependencyInjectionTestExecutionListener@12ed9db6, org.springframework.test.context.support.DirtiesContextTestExecutionListener@4ff4357f, org.springframework.test.context.transaction.TransactionalTestExecutionListener@49cb9cb5, org.springframework.test.context.jdbc.SqlScriptsTestExecutionListener@55322aab, org.springframework.test.context.event.EventPublishingTestExecutionListener@2b4c1d96, org.springframework.boot.test.mock.mockito.ResetMocksTestExecutionListener@45fd9a4d, org.springframework.boot.test.autoconfigure.restdocs.RestDocsTestExecutionListener@50468873, org.springframework.boot.test.autoconfigure.web.client.MockRestServiceServerResetTestExecutionListener@146587a2, org.springframework.boot.test.autoconfigure.web.servlet.MockMvcPrintOnlyOnFailureTestExecutionListener@5f0e9815, org.springframework.boot.test.autoconfigure.web.servlet.WebDriverTestExecutionListener@76884e4b, org.springframework.boot.test.autoconfigure.webservices.client.MockWebServiceServerTestExecutionListener@126945f9]
21:27:45.182 [main] DEBUG org.springframework.test.context.support.AbstractDirtiesContextTestExecutionListener - Before test class: context [DefaultTestContext@1e636ea3 testClass = MsscBeerServiceApplicationTests, testInstance = [null], testMethod = [null], testException = [null], mergedContextConfiguration = [WebMergedContextConfiguration@115667d testClass = MsscBeerServiceApplicationTests, locations = '{}', classes = '{class jotech.springframwork.msscbeerservice.MsscBeerServiceApplication}', contextInitializerClasses = '[]', activeProfiles = '{}', propertySourceLocations = '{}', propertySourceProperties = '{org.springframework.boot.test.context.SpringBootTestContextBootstrapper=true}', contextCustomizers = set[org.springframework.boot.test.context.filter.ExcludeFilterContextCustomizer@5965d37, org.springframework.boot.test.json.DuplicateJsonObjectContextCustomizerFactory$DuplicateJsonObjectContextCustomizer@5b799640, org.springframework.boot.test.mock.mockito.MockitoContextCustomizer@0, org.springframework.boot.test.web.client.TestRestTemplateContextCustomizer@194fad1, org.springframework.boot.test.autoconfigure.actuate.metrics.MetricsExportContextCustomizerFactory$DisableMetricExportContextCustomizer@57bc27f5, org.springframework.boot.test.autoconfigure.properties.PropertyMappingContextCustomizer@0, org.springframework.boot.test.autoconfigure.web.servlet.WebDriverContextCustomizerFactory$Customizer@1a4927d6, org.springframework.boot.test.context.SpringBootTestArgs@1, org.springframework.boot.test.context.SpringBootTestWebEnvironment@4bb4de6a], resourceBasePath = 'src/main/webapp', contextLoader = 'org.springframework.boot.test.context.SpringBootContextLoader', parent = [null]], attributes = map['org.springframework.test.context.web.ServletTestExecutionListener.activateListener' -> true]], class annotated with @DirtiesContext [false] with mode [null].

  .   ____          _            __ _ _
 /\\ / ___'_ __ _ _(_)_ __  __ _ \ \ \ \
( ( )\___ | '_ | '_| | '_ \/ _` | \ \ \ \
 \\/  ___)| |_)| | | | | || (_| |  ) ) ) )
  '  |____| .__|_| |_|_| |_\__, | / / / /
 =========|_|==============|___/=/_/_/_/
 :: Spring Boot ::             (v3.0.0-M3)

2024-12-03T21:27:45.485-05:00  INFO 17500 --- [           main] j.s.m.MsscBeerServiceApplicationTests    : Starting MsscBeerServiceApplicationTests using Java 17.0.9 on DESKTOP-UN92J7H with PID 17500 (started by yonatan_mengesha in C:\Users\12409\IdeaProjects\mssc-beer-service)
2024-12-03T21:27:45.487-05:00  INFO 17500 --- [           main] j.s.m.MsscBeerServiceApplicationTests    : No active profile set, falling back to 1 default profile: "default"
2024-12-03T21:27:46.233-05:00  INFO 17500 --- [           main] .s.d.r.c.RepositoryConfigurationDelegate : Bootstrapping Spring Data JPA repositories in DEFAULT mode.
2024-12-03T21:27:46.312-05:00  INFO 17500 --- [           main] .s.d.r.c.RepositoryConfigurationDelegate : Finished Spring Data repository scanning in 67 ms. Found 1 JPA repository interfaces.
2024-12-03T21:27:46.881-05:00  INFO 17500 --- [           main] com.zaxxer.hikari.HikariDataSource       : HikariPool-1 - Starting...
2024-12-03T21:27:47.108-05:00  INFO 17500 --- [           main] com.zaxxer.hikari.pool.HikariPool        : HikariPool-1 - Added connection conn0: url=jdbc:h2:mem:07ab0a0c-0e58-4f37-991d-18ae0547b9b9 user=SA
2024-12-03T21:27:47.111-05:00  INFO 17500 --- [           main] com.zaxxer.hikari.HikariDataSource       : HikariPool-1 - Start completed.
2024-12-03T21:27:47.189-05:00  INFO 17500 --- [           main] o.hibernate.jpa.internal.util.LogHelper  : HHH000204: Processing PersistenceUnitInfo [name: default]
2024-12-03T21:27:47.248-05:00  INFO 17500 --- [           main] org.hibernate.Version                    : HHH000412: Hibernate ORM core version 5.6.9.Final
2024-12-03T21:27:47.472-05:00  INFO 17500 --- [           main] o.hibernate.annotations.common.Version   : HCANN000001: Hibernate Commons Annotations {5.1.2.Final}
2024-12-03T21:27:47.628-05:00  INFO 17500 --- [           main] org.hibernate.dialect.Dialect            : HHH000400: Using dialect: org.hibernate.dialect.H2Dialect
2024-12-03T21:27:48.391-05:00  INFO 17500 --- [           main] o.h.e.t.j.p.i.JtaPlatformInitiator       : HHH000490: Using JtaPlatform implementation: [org.hibernate.engine.transaction.jta.platform.internal.NoJtaPlatform]
2024-12-03T21:27:48.396-05:00  INFO 17500 --- [           main] j.LocalContainerEntityManagerFactoryBean : Initialized JPA EntityManagerFactory for persistence unit 'default'
2024-12-03T21:27:48.905-05:00  WARN 17500 --- [           main] JpaBaseConfiguration$JpaWebConfiguration : spring.jpa.open-in-view is enabled by default. Therefore, database queries may be performed during view rendering. Explicitly configure spring.jpa.open-in-view to disable this warning
2024-12-03T21:27:49.295-05:00  INFO 17500 --- [           main] j.s.m.MsscBeerServiceApplicationTests    : Started MsscBeerServiceApplicationTests in 4.074 seconds (process running for 5.063)
]]></system-out>
  </testcase>
</testsuite>